<?xml version="1.0" encoding="UTF-8"?>
<testsuite xmlns:xsi="http://www.w3.org/2001/XMLSchema-instance" xsi:noNamespaceSchemaLocation="https://maven.apache.org/surefire/maven-surefire-plugin/xsd/surefire-test-report-3.0.xsd" version="3.0" name="carservice.OrderServiceTest" time="0.14" tests="4" errors="0" skipped="0" failures="0">
  <properties>
[...]
</properties>
  <testcase name="testAssignRepairer_SuccessfullyAssigned" classname="carservice.OrderServiceTest" time="0.069">
    <system-out><![CDATA[Success: Opened new order with ID 1
Success: Assigned repairer John Doe to order 1
]]></system-out>
  </testcase>
  <testcase name="testOpenOrder_SuccessfullyOpens" classname="carservice.OrderServiceTest" time="0.012">
    <system-out><![CDATA[Success: Opened new order with ID 1
]]></system-out>
  </testcase>
  <testcase name="testCancelOrder_SuccessfullyCanceled" classname="carservice.OrderServiceTest" time="0.006">
    <system-out><![CDATA[Success: Opened new order with ID 1
Success: model.Order 1 canceled.
]]></system-out>
  </testcase>
  <testcase name="testCompleteOrder_ThrowsExceptionIfNoRepairer" classname="carservice.OrderServiceTest" time="0.005">
    <system-out><![CDATA[Success: Opened new order with ID 1
]]></system-out>
  </testcase>
</testsuite>